<?xml version="1.0" encoding="UTF-8"?>
<testsuite name="com.todo.v1.web.ApiControllerTest" tests="1" skipped="0" failures="0" errors="0" timestamp="2020-07-11T17:15:57" hostname="GB-MacBookPro.local" time="0.48">
  <properties/>
  <testcase name="Task_조회하다" classname="com.todo.v1.web.ApiControllerTest" time="0.48"/>
  <system-out><![CDATA[02:15:38.680 [Test worker] DEBUG org.springframework.test.context.junit4.SpringJUnit4ClassRunner - SpringJUnit4ClassRunner constructor called with [class com.todo.v1.web.ApiControllerTest]
02:15:38.685 [Test worker] DEBUG org.springframework.test.context.BootstrapUtils - Instantiating CacheAwareContextLoaderDelegate from class [org.springframework.test.context.cache.DefaultCacheAwareContextLoaderDelegate]
02:15:38.691 [Test worker] DEBUG org.springframework.test.context.BootstrapUtils - Instantiating BootstrapContext using constructor [public org.springframework.test.context.support.DefaultBootstrapContext(java.lang.Class,org.springframework.test.context.CacheAwareContextLoaderDelegate)]
02:15:38.703 [Test worker] DEBUG org.springframework.test.context.BootstrapUtils - Instantiating TestContextBootstrapper for test class [com.todo.v1.web.ApiControllerTest] from class [org.springframework.boot.test.context.SpringBootTestContextBootstrapper]
02:15:38.711 [Test worker] INFO org.springframework.boot.test.context.SpringBootTestContextBootstrapper - Neither @ContextConfiguration nor @ContextHierarchy found for test class [com.todo.v1.web.ApiControllerTest], using SpringBootContextLoader
02:15:38.713 [Test worker] DEBUG org.springframework.test.context.support.AbstractContextLoader - Did not detect default resource location for test class [com.todo.v1.web.ApiControllerTest]: class path resource [com/todo/v1/web/ApiControllerTest-context.xml] does not exist
02:15:38.713 [Test worker] DEBUG org.springframework.test.context.support.AbstractContextLoader - Did not detect default resource location for test class [com.todo.v1.web.ApiControllerTest]: class path resource [com/todo/v1/web/ApiControllerTestContext.groovy] does not exist
02:15:38.714 [Test worker] INFO org.springframework.test.context.support.AbstractContextLoader - Could not detect default resource locations for test class [com.todo.v1.web.ApiControllerTest]: no resource found for suffixes {-context.xml, Context.groovy}.
02:15:38.714 [Test worker] INFO org.springframework.test.context.support.AnnotationConfigContextLoaderUtils - Could not detect default configuration classes for test class [com.todo.v1.web.ApiControllerTest]: ApiControllerTest does not declare any static, non-private, non-final, nested classes annotated with @Configuration.
02:15:38.741 [Test worker] DEBUG org.springframework.test.context.support.ActiveProfilesUtils - Could not find an 'annotation declaring class' for annotation type [org.springframework.test.context.ActiveProfiles] and class [com.todo.v1.web.ApiControllerTest]
02:15:38.804 [Test worker] DEBUG org.springframework.context.annotation.ClassPathScanningCandidateComponentProvider - Identified candidate component class: file [/Users/hejeong/todoapp-v1/build/classes/java/main/com/todo/v1/Application.class]
02:15:38.805 [Test worker] INFO org.springframework.boot.test.context.SpringBootTestContextBootstrapper - Found @SpringBootConfiguration com.todo.v1.Application for test class com.todo.v1.web.ApiControllerTest
02:15:38.880 [Test worker] DEBUG org.springframework.boot.test.context.SpringBootTestContextBootstrapper - @TestExecutionListeners is not present for class [com.todo.v1.web.ApiControllerTest]: using defaults.
02:15:38.880 [Test worker] INFO org.springframework.boot.test.context.SpringBootTestContextBootstrapper - Loaded default TestExecutionListener class names from location [META-INF/spring.factories]: [org.springframework.boot.test.autoconfigure.restdocs.RestDocsTestExecutionListener, org.springframework.boot.test.autoconfigure.web.client.MockRestServiceServerResetTestExecutionListener, org.springframework.boot.test.autoconfigure.web.servlet.MockMvcPrintOnlyOnFailureTestExecutionListener, org.springframework.boot.test.autoconfigure.web.servlet.WebDriverTestExecutionListener, org.springframework.boot.test.mock.mockito.MockitoTestExecutionListener, org.springframework.boot.test.mock.mockito.ResetMocksTestExecutionListener, org.springframework.test.context.web.ServletTestExecutionListener, org.springframework.test.context.support.DirtiesContextBeforeModesTestExecutionListener, org.springframework.test.context.support.DependencyInjectionTestExecutionListener, org.springframework.test.context.support.DirtiesContextTestExecutionListener, org.springframework.test.context.transaction.TransactionalTestExecutionListener, org.springframework.test.context.jdbc.SqlScriptsTestExecutionListener]
02:15:38.891 [Test worker] INFO org.springframework.boot.test.context.SpringBootTestContextBootstrapper - Using TestExecutionListeners: [org.springframework.test.context.web.ServletTestExecutionListener@7951b1d3, org.springframework.test.context.support.DirtiesContextBeforeModesTestExecutionListener@f2eca00, org.springframework.boot.test.mock.mockito.MockitoTestExecutionListener@7bd9a173, org.springframework.boot.test.autoconfigure.SpringBootDependencyInjectionTestExecutionListener@67f18745, org.springframework.test.context.support.DirtiesContextTestExecutionListener@13da7d41, org.springframework.test.context.transaction.TransactionalTestExecutionListener@6adddbf0, org.springframework.test.context.jdbc.SqlScriptsTestExecutionListener@5cb92de1, org.springframework.boot.test.autoconfigure.restdocs.RestDocsTestExecutionListener@3799429c, org.springframework.boot.test.autoconfigure.web.client.MockRestServiceServerResetTestExecutionListener@77e9115b, org.springframework.boot.test.autoconfigure.web.servlet.MockMvcPrintOnlyOnFailureTestExecutionListener@73ef560d, org.springframework.boot.test.autoconfigure.web.servlet.WebDriverTestExecutionListener@66acbbb4, org.springframework.boot.test.mock.mockito.ResetMocksTestExecutionListener@1b5c985f]
02:15:38.894 [Test worker] DEBUG org.springframework.test.annotation.ProfileValueUtils - Retrieved @ProfileValueSourceConfiguration [null] for test class [com.todo.v1.web.ApiControllerTest]
02:15:38.894 [Test worker] DEBUG org.springframework.test.annotation.ProfileValueUtils - Retrieved ProfileValueSource type [class org.springframework.test.annotation.SystemProfileValueSource] for class [com.todo.v1.web.ApiControllerTest]
02:15:38.896 [Test worker] DEBUG org.springframework.test.annotation.ProfileValueUtils - Retrieved @ProfileValueSourceConfiguration [null] for test class [com.todo.v1.web.ApiControllerTest]
02:15:38.896 [Test worker] DEBUG org.springframework.test.annotation.ProfileValueUtils - Retrieved ProfileValueSource type [class org.springframework.test.annotation.SystemProfileValueSource] for class [com.todo.v1.web.ApiControllerTest]
02:15:38.897 [Test worker] DEBUG org.springframework.test.annotation.ProfileValueUtils - Retrieved @ProfileValueSourceConfiguration [null] for test class [com.todo.v1.web.ApiControllerTest]
02:15:38.897 [Test worker] DEBUG org.springframework.test.annotation.ProfileValueUtils - Retrieved ProfileValueSource type [class org.springframework.test.annotation.SystemProfileValueSource] for class [com.todo.v1.web.ApiControllerTest]
02:15:38.899 [Test worker] DEBUG org.springframework.test.context.support.AbstractDirtiesContextTestExecutionListener - Before test class: context [DefaultTestContext@1b43ade6 testClass = ApiControllerTest, testInstance = [null], testMethod = [null], testException = [null], mergedContextConfiguration = [WebMergedContextConfiguration@3313a70f testClass = ApiControllerTest, locations = '{}', classes = '{class com.todo.v1.Application}', contextInitializerClasses = '[]', activeProfiles = '{}', propertySourceLocations = '{}', propertySourceProperties = '{org.springframework.boot.test.context.SpringBootTestContextBootstrapper=true, server.port=0}', contextCustomizers = set[org.springframework.boot.test.autoconfigure.properties.PropertyMappingContextCustomizer@0, org.springframework.boot.test.autoconfigure.web.servlet.WebDriverContextCustomizerFactory$Customizer@7ad4814e, org.springframework.boot.test.context.filter.ExcludeFilterContextCustomizer@416fe42f, org.springframework.boot.test.json.DuplicateJsonObjectContextCustomizerFactory$DuplicateJsonObjectContextCustomizer@1b5e8bb7, org.springframework.boot.test.mock.mockito.MockitoContextCustomizer@0, org.springframework.boot.test.web.client.TestRestTemplateContextCustomizer@42c550c4], resourceBasePath = 'src/main/webapp', contextLoader = 'org.springframework.boot.test.context.SpringBootContextLoader', parent = [null]], attributes = map['org.springframework.test.context.web.ServletTestExecutionListener.activateListener' -> false]], class annotated with @DirtiesContext [false] with mode [null].
02:15:38.900 [Test worker] DEBUG org.springframework.test.annotation.ProfileValueUtils - Retrieved @ProfileValueSourceConfiguration [null] for test class [com.todo.v1.web.ApiControllerTest]
02:15:38.900 [Test worker] DEBUG org.springframework.test.annotation.ProfileValueUtils - Retrieved ProfileValueSource type [class org.springframework.test.annotation.SystemProfileValueSource] for class [com.todo.v1.web.ApiControllerTest]
02:15:38.902 [Test worker] DEBUG org.springframework.test.context.support.DependencyInjectionTestExecutionListener - Performing dependency injection for test context [[DefaultTestContext@1b43ade6 testClass = ApiControllerTest, testInstance = com.todo.v1.web.ApiControllerTest@265b9b80, testMethod = [null], testException = [null], mergedContextConfiguration = [WebMergedContextConfiguration@3313a70f testClass = ApiControllerTest, locations = '{}', classes = '{class com.todo.v1.Application}', contextInitializerClasses = '[]', activeProfiles = '{}', propertySourceLocations = '{}', propertySourceProperties = '{org.springframework.boot.test.context.SpringBootTestContextBootstrapper=true, server.port=0}', contextCustomizers = set[org.springframework.boot.test.autoconfigure.properties.PropertyMappingContextCustomizer@0, org.springframework.boot.test.autoconfigure.web.servlet.WebDriverContextCustomizerFactory$Customizer@7ad4814e, org.springframework.boot.test.context.filter.ExcludeFilterContextCustomizer@416fe42f, org.springframework.boot.test.json.DuplicateJsonObjectContextCustomizerFactory$DuplicateJsonObjectContextCustomizer@1b5e8bb7, org.springframework.boot.test.mock.mockito.MockitoContextCustomizer@0, org.springframework.boot.test.web.client.TestRestTemplateContextCustomizer@42c550c4], resourceBasePath = 'src/main/webapp', contextLoader = 'org.springframework.boot.test.context.SpringBootContextLoader', parent = [null]], attributes = map['org.springframework.test.context.web.ServletTestExecutionListener.activateListener' -> false]]].
02:15:38.921 [Test worker] DEBUG org.springframework.test.context.support.TestPropertySourceUtils - Adding inlined properties to environment: {spring.jmx.enabled=false, org.springframework.boot.test.context.SpringBootTestContextBootstrapper=true, server.port=0}

  .   ____          _            __ _ _
 /\\ / ___'_ __ _ _(_)_ __  __ _ \ \ \ \
( ( )\___ | '_ | '_| | '_ \/ _` | \ \ \ \
 \\/  ___)| |_)| | | | | || (_| |  ) ) ) )
  '  |____| .__|_| |_|_| |_\__, | / / / /
 =========|_|==============|___/=/_/_/_/
 :: Spring Boot ::        (v2.1.9.RELEASE)

2020-07-12 02:15:54.100  INFO 5937 --- [    Test worker] com.todo.v1.web.ApiControllerTest        : Starting ApiControllerTest on GB-MacBookPro.local with PID 5937 (started by hejeong in /Users/hejeong/todoapp-v1)
2020-07-12 02:15:54.101  INFO 5937 --- [    Test worker] com.todo.v1.web.ApiControllerTest        : No active profile set, falling back to default profiles: default
2020-07-12 02:15:54.435  INFO 5937 --- [    Test worker] .s.d.r.c.RepositoryConfigurationDelegate : Bootstrapping Spring Data repositories in DEFAULT mode.
2020-07-12 02:15:54.475  INFO 5937 --- [    Test worker] .s.d.r.c.RepositoryConfigurationDelegate : Finished Spring Data repository scanning in 35ms. Found 1 repository interfaces.
2020-07-12 02:15:54.764  INFO 5937 --- [    Test worker] trationDelegate$BeanPostProcessorChecker : Bean 'org.springframework.transaction.annotation.ProxyTransactionManagementConfiguration' of type [org.springframework.transaction.annotation.ProxyTransactionManagementConfiguration$$EnhancerBySpringCGLIB$$62f9215f] is not eligible for getting processed by all BeanPostProcessors (for example: not eligible for auto-proxying)
2020-07-12 02:15:55.062  INFO 5937 --- [    Test worker] o.s.b.w.embedded.tomcat.TomcatWebServer  : Tomcat initialized with port(s): 0 (http)
2020-07-12 02:15:55.079  INFO 5937 --- [    Test worker] o.apache.catalina.core.StandardService   : Starting service [Tomcat]
2020-07-12 02:15:55.080  INFO 5937 --- [    Test worker] org.apache.catalina.core.StandardEngine  : Starting Servlet engine: [Apache Tomcat/9.0.26]
2020-07-12 02:15:55.150  INFO 5937 --- [    Test worker] o.a.c.c.C.[Tomcat].[localhost].[/]       : Initializing Spring embedded WebApplicationContext
2020-07-12 02:15:55.150  INFO 5937 --- [    Test worker] o.s.web.context.ContextLoader            : Root WebApplicationContext: initialization completed in 1035 ms
2020-07-12 02:15:55.297  INFO 5937 --- [    Test worker] com.zaxxer.hikari.HikariDataSource       : HikariPool-1 - Starting...
2020-07-12 02:15:55.420  INFO 5937 --- [    Test worker] com.zaxxer.hikari.HikariDataSource       : HikariPool-1 - Start completed.
2020-07-12 02:15:55.494  INFO 5937 --- [    Test worker] o.hibernate.jpa.internal.util.LogHelper  : HHH000204: Processing PersistenceUnitInfo [
	name: default
	...]
2020-07-12 02:15:55.545  INFO 5937 --- [    Test worker] org.hibernate.Version                    : HHH000412: Hibernate Core {5.3.12.Final}
2020-07-12 02:15:55.546  INFO 5937 --- [    Test worker] org.hibernate.cfg.Environment            : HHH000206: hibernate.properties not found
2020-07-12 02:15:55.687  INFO 5937 --- [    Test worker] o.hibernate.annotations.common.Version   : HCANN000001: Hibernate Commons Annotations {5.0.4.Final}
2020-07-12 02:15:55.815  INFO 5937 --- [    Test worker] org.hibernate.dialect.Dialect            : HHH000400: Using dialect: org.hibernate.dialect.MySQL5InnoDBDialect
Hibernate: drop table if exists task
Hibernate: create table task (id bigint not null auto_increment, author varchar(255) not null, content TEXT not null, status varchar(255) not null, primary key (id)) engine=InnoDB
2020-07-12 02:15:56.290  INFO 5937 --- [    Test worker] o.h.t.schema.internal.SchemaCreatorImpl  : HHH000476: Executing import script 'org.hibernate.tool.schema.internal.exec.ScriptSourceInputNonExistentImpl@620b316b'
2020-07-12 02:15:56.292  INFO 5937 --- [    Test worker] j.LocalContainerEntityManagerFactoryBean : Initialized JPA EntityManagerFactory for persistence unit 'default'
2020-07-12 02:15:57.017  INFO 5937 --- [    Test worker] o.s.s.concurrent.ThreadPoolTaskExecutor  : Initializing ExecutorService 'applicationTaskExecutor'
2020-07-12 02:15:57.063  WARN 5937 --- [    Test worker] aWebConfiguration$JpaWebMvcConfiguration : spring.jpa.open-in-view is enabled by default. Therefore, database queries may be performed during view rendering. Explicitly configure spring.jpa.open-in-view to disable this warning
2020-07-12 02:15:57.163  WARN 5937 --- [    Test worker] o.s.b.a.m.MustacheAutoConfiguration      : Cannot find template location: classpath:/templates/ (please add some templates, check your Mustache configuration, or set spring.mustache.check-template-location=false)
2020-07-12 02:15:57.322  INFO 5937 --- [    Test worker] s.a.ScheduledAnnotationBeanPostProcessor : No TaskScheduler/ScheduledExecutorService bean found for scheduled processing
2020-07-12 02:15:57.342  INFO 5937 --- [    Test worker] o.s.b.w.embedded.tomcat.TomcatWebServer  : Tomcat started on port(s): 52199 (http) with context path ''
2020-07-12 02:15:57.344  INFO 5937 --- [    Test worker] com.todo.v1.web.ApiControllerTest        : Started ApiControllerTest in 18.422 seconds (JVM running for 19.158)
Hibernate: insert into task (author, content, status) values (?, ?, ?)
Hibernate: insert into task (author, content, status) values (?, ?, ?)
2020-07-12 02:15:57.506  INFO 5937 --- [o-auto-1-exec-1] o.a.c.c.C.[Tomcat].[localhost].[/]       : Initializing Spring DispatcherServlet 'dispatcherServlet'
2020-07-12 02:15:57.507  INFO 5937 --- [o-auto-1-exec-1] o.s.web.servlet.DispatcherServlet        : Initializing Servlet 'dispatcherServlet'
2020-07-12 02:15:57.522  INFO 5937 --- [o-auto-1-exec-1] o.s.web.servlet.DispatcherServlet        : Completed initialization in 15 ms
2020-07-12 02:15:57.586  INFO 5937 --- [o-auto-1-exec-1] o.h.h.i.QueryTranslatorFactoryInitiator  : HHH000397: Using ASTQueryTranslatorFactory
Hibernate: select task0_.id as id1_0_, task0_.author as author2_0_, task0_.content as content3_0_, task0_.status as status4_0_ from task task0_ where task0_.author=?
Hibernate: select task0_.id as id1_0_, task0_.author as author2_0_, task0_.content as content3_0_, task0_.status as status4_0_ from task task0_
Hibernate: delete from task where id=?
Hibernate: delete from task where id=?
]]></system-out>
  <system-err><![CDATA[]]></system-err>
</testsuite>
